<?xml version="1.0" encoding="UTF-8"?>
<testsuite name="com.irfan.auto1.ExampleTest" tests="1" skipped="0" failures="0" errors="0" timestamp="2022-10-21T11:01:54" hostname="Irfans-MacBook-Air.local" time="0.036">
  <properties/>
  <testcase name="isWorking" classname="com.irfan.auto1.ExampleTest" time="0.036"/>
  <system-out><![CDATA[]]></system-out>
  <system-err><![CDATA[]]></system-err>
</testsuite>
